# JRE version: OpenJDK Runtime Environment (7.0_111-b01) (build 1.7.0_111-b01)
# Java VM: OpenJDK 64-Bit Server VM (24.111-b01 mixed mode linux-amd64 compressed oops)
Heap
 PSYoungGen      total 30720K, used 12604K [0x00000007b2c80000, 0x00000007b4b80000, 0x0000000800000000)
  eden space 30208K, 40% used [0x00000007b2c80000,0x00000007b387f130,0x00000007b4a00000)
  from space 512K, 62% used [0x00000007b4b00000,0x00000007b4b50000,0x00000007b4b80000)
  to   space 512K, 0% used [0x00000007b4a80000,0x00000007b4a80000,0x00000007b4b00000)
 ParOldGen       total 157696K, used 18322K [0x0000000718600000, 0x0000000722000000, 0x00000007b2c80000)
  object space 157696K, 11% used [0x0000000718600000,0x00000007197e4ad8,0x0000000722000000)
 PSPermGen       total 21504K, used 20707K [0x000000070e000000, 0x000000070f500000, 0x0000000718600000)
  object space 21504K, 96% used [0x000000070e000000,0x000000070f438e90,0x000000070f500000)
GC Heap History (10 events):
Event: 786005.666 GC heap before
{Heap before GC invocations=224 (full 0):
 PSYoungGen      total 30720K, used 30528K [0x00000007b2c80000, 0x00000007b4b80000, 0x0000000800000000)
  eden space 30208K, 100% used [0x00000007b2c80000,0x00000007b4a00000,0x00000007b4a00000)
  from space 512K, 62% used [0x00000007b4a80000,0x00000007b4ad0000,0x00000007b4b00000)
  to   space 512K, 0% used [0x00000007b4b00000,0x00000007b4b00000,0x00000007b4b80000)
 ParOldGen       total 157696K, used 18082K [0x0000000718600000, 0x0000000722000000, 0x00000007b2c80000)
  object space 157696K, 11% used [0x0000000718600000,0x00000007197a8ad8,0x0000000722000000)
 PSPermGen       total 21504K, used 20707K [0x000000070e000000, 0x000000070f500000, 0x0000000718600000)
  object space 21504K, 96% used [0x000000070e000000,0x000000070f438dd0,0x000000070f500000)
Event: 786005.667 GC heap after
Heap after GC invocations=224 (full 0):
 PSYoungGen      total 30720K, used 352K [0x00000007b2c80000, 0x00000007b4b80000, 0x0000000800000000)
  eden space 30208K, 0% used [0x00000007b2c80000,0x00000007b2c80000,0x00000007b4a00000)
  from space 512K, 68% used [0x00000007b4b00000,0x00000007b4b58000,0x00000007b4b80000)
  to   space 512K, 0% used [0x00000007b4a80000,0x00000007b4a80000,0x00000007b4b00000)
 ParOldGen       total 157696K, used 18138K [0x0000000718600000, 0x0000000722000000, 0x00000007b2c80000)
  object space 157696K, 11% used [0x0000000718600000,0x00000007197b6ad8,0x0000000722000000)
 PSPermGen       total 21504K, used 20707K [0x000000070e000000, 0x000000070f500000, 0x0000000718600000)
  object space 21504K, 96% used [0x000000070e000000,0x000000070f438dd0,0x000000070f500000)
}
Event: 790134.212 GC heap before
{Heap before GC invocations=225 (full 0):
 PSYoungGen      total 30720K, used 30560K [0x00000007b2c80000, 0x00000007b4b80000, 0x0000000800000000)
  eden space 30208K, 100% used [0x00000007b2c80000,0x00000007b4a00000,0x00000007b4a00000)
  from space 512K, 68% used [0x00000007b4b00000,0x00000007b4b58000,0x00000007b4b80000)
  to   space 512K, 0% used [0x00000007b4a80000,0x00000007b4a80000,0x00000007b4b00000)
 ParOldGen       total 157696K, used 18138K [0x0000000718600000, 0x0000000722000000, 0x00000007b2c80000)
  object space 157696K, 11% used [0x0000000718600000,0x00000007197b6ad8,0x0000000722000000)
 PSPermGen       total 21504K, used 20707K [0x000000070e000000, 0x000000070f500000, 0x0000000718600000)
  object space 21504K, 96% used [0x000000070e000000,0x000000070f438dd0,0x000000070f500000)
Event: 790134.214 GC heap after
Heap after GC invocations=225 (full 0):
 PSYoungGen      total 30720K, used 256K [0x00000007b2c80000, 0x00000007b4b80000, 0x0000000800000000)
  eden space 30208K, 0% used [0x00000007b2c80000,0x00000007b2c80000,0x00000007b4a00000)
  from space 512K, 50% used [0x00000007b4a80000,0x00000007b4ac0000,0x00000007b4b00000)
  to   space 512K, 0% used [0x00000007b4b00000,0x00000007b4b00000,0x00000007b4b80000)
 ParOldGen       total 157696K, used 18170K [0x0000000718600000, 0x0000000722000000, 0x00000007b2c80000)
  object space 157696K, 11% used [0x0000000718600000,0x00000007197bead8,0x0000000722000000)
 PSPermGen       total 21504K, used 20707K [0x000000070e000000, 0x000000070f500000, 0x0000000718600000)
  object space 21504K, 96% used [0x000000070e000000,0x000000070f438dd0,0x000000070f500000)
}
Event: 794173.884 GC heap before
{Heap before GC invocations=226 (full 0):
 PSYoungGen      total 30720K, used 30462K [0x00000007b2c80000, 0x00000007b4b80000, 0x0000000800000000)
  eden space 30208K, 99% used [0x00000007b2c80000,0x00000007b49ffb38,0x00000007b4a00000)
  from space 512K, 50% used [0x00000007b4a80000,0x00000007b4ac0000,0x00000007b4b00000)
  to   space 512K, 0% used [0x00000007b4b00000,0x00000007b4b00000,0x00000007b4b80000)
 ParOldGen       total 157696K, used 18170K [0x0000000718600000, 0x0000000722000000, 0x00000007b2c80000)
  object space 157696K, 11% used [0x0000000718600000,0x00000007197bead8,0x0000000722000000)
 PSPermGen       total 21504K, used 20707K [0x000000070e000000, 0x000000070f500000, 0x0000000718600000)
  object space 21504K, 96% used [0x000000070e000000,0x000000070f438e10,0x000000070f500000)
Event: 794173.885 GC heap after
Heap after GC invocations=226 (full 0):
 PSYoungGen      total 30720K, used 320K [0x00000007b2c80000, 0x00000007b4b80000, 0x0000000800000000)
  eden space 30208K, 0% used [0x00000007b2c80000,0x00000007b2c80000,0x00000007b4a00000)
  from space 512K, 62% used [0x00000007b4b00000,0x00000007b4b50000,0x00000007b4b80000)
  to   space 512K, 0% used [0x00000007b4a80000,0x00000007b4a80000,0x00000007b4b00000)
 ParOldGen       total 157696K, used 18226K [0x0000000718600000, 0x0000000722000000, 0x00000007b2c80000)
  object space 157696K, 11% used [0x0000000718600000,0x00000007197ccad8,0x0000000722000000)
 PSPermGen       total 21504K, used 20707K [0x000000070e000000, 0x000000070f500000, 0x0000000718600000)
  object space 21504K, 96% used [0x000000070e000000,0x000000070f438e10,0x000000070f500000)
}
Event: 795756.962 GC heap before
{Heap before GC invocations=227 (full 0):
 PSYoungGen      total 30720K, used 30528K [0x00000007b2c80000, 0x00000007b4b80000, 0x0000000800000000)
  eden space 30208K, 100% used [0x00000007b2c80000,0x00000007b4a00000,0x00000007b4a00000)
  from space 512K, 62% used [0x00000007b4b00000,0x00000007b4b50000,0x00000007b4b80000)
  to   space 512K, 0% used [0x00000007b4a80000,0x00000007b4a80000,0x00000007b4b00000)
 ParOldGen       total 157696K, used 18226K [0x0000000718600000, 0x0000000722000000, 0x00000007b2c80000)
  object space 157696K, 11% used [0x0000000718600000,0x00000007197ccad8,0x0000000722000000)
 PSPermGen       total 21504K, used 20707K [0x000000070e000000, 0x000000070f500000, 0x0000000718600000)
  object space 21504K, 96% used [0x000000070e000000,0x000000070f438e90,0x000000070f500000)
Event: 795756.964 GC heap after
Heap after GC invocations=227 (full 0):
 PSYoungGen      total 30720K, used 320K [0x00000007b2c80000, 0x00000007b4b80000, 0x0000000800000000)
  eden space 30208K, 0% used [0x00000007b2c80000,0x00000007b2c80000,0x00000007b4a00000)
  from space 512K, 62% used [0x00000007b4a80000,0x00000007b4ad0000,0x00000007b4b00000)
  to   space 512K, 0% used [0x00000007b4b00000,0x00000007b4b00000,0x00000007b4b80000)
 ParOldGen       total 157696K, used 18266K [0x0000000718600000, 0x0000000722000000, 0x00000007b2c80000)
  object space 157696K, 11% used [0x0000000718600000,0x00000007197d6ad8,0x0000000722000000)
 PSPermGen       total 21504K, used 20707K [0x000000070e000000, 0x000000070f500000, 0x0000000718600000)
  object space 21504K, 96% used [0x000000070e000000,0x000000070f438e90,0x000000070f500000)
}
Event: 797397.191 GC heap before
{Heap before GC invocations=228 (full 0):
 PSYoungGen      total 30720K, used 30528K [0x00000007b2c80000, 0x00000007b4b80000, 0x0000000800000000)
  eden space 30208K, 100% used [0x00000007b2c80000,0x00000007b4a00000,0x00000007b4a00000)
  from space 512K, 62% used [0x00000007b4a80000,0x00000007b4ad0000,0x00000007b4b00000)
  to   space 512K, 0% used [0x00000007b4b00000,0x00000007b4b00000,0x00000007b4b80000)
 ParOldGen       total 157696K, used 18266K [0x0000000718600000, 0x0000000722000000, 0x00000007b2c80000)
  object space 157696K, 11% used [0x0000000718600000,0x00000007197d6ad8,0x0000000722000000)
 PSPermGen       total 21504K, used 20707K [0x000000070e000000, 0x000000070f500000, 0x0000000718600000)
  object space 21504K, 96% used [0x000000070e000000,0x000000070f438e90,0x000000070f500000)
Event: 797397.193 GC heap after
Heap after GC invocations=228 (full 0):
 PSYoungGen      total 30720K, used 320K [0x00000007b2c80000, 0x00000007b4b80000, 0x0000000800000000)
  eden space 30208K, 0% used [0x00000007b2c80000,0x00000007b2c80000,0x00000007b4a00000)
  from space 512K, 62% used [0x00000007b4b00000,0x00000007b4b50000,0x00000007b4b80000)
  to   space 512K, 0% used [0x00000007b4a80000,0x00000007b4a80000,0x00000007b4b00000)
 ParOldGen       total 157696K, used 18322K [0x0000000718600000, 0x0000000722000000, 0x00000007b2c80000)
  object space 157696K, 11% used [0x0000000718600000,0x00000007197e4ad8,0x0000000722000000)
 PSPermGen       total 21504K, used 20707K [0x000000070e000000, 0x000000070f500000, 0x0000000718600000)
  object space 21504K, 96% used [0x000000070e000000,0x000000070f438e90,0x000000070f500000)
}

